<?xml version="1.0" encoding="UTF-8"?>
<!-- Generated by org.testng.reporters.JUnitReportReporter -->
<testsuite hostname="wdts-in-mukulverma" failures="0" tests="6" name="seleniumwithmukul.tests.SubmitOrderTest" time="50.477" errors="0" timestamp="2025-05-03T06:48:32 IST" skipped="0">
  <testcase classname="seleniumwithmukul.tests.SubmitOrderTest" name="submitOrder" time="13.218"/>
  <testcase classname="seleniumwithmukul.tests.SubmitOrderTest" name="submitOrder" time="8.676"/>
  <testcase classname="seleniumwithmukul.tests.SubmitOrderTest" name="submitOrder" time="12.790"/>
  <testcase classname="seleniumwithmukul.tests.SubmitOrderTest" name="OrderHistoryTest" time="3.507"/>
  <testcase classname="seleniumwithmukul.tests.SubmitOrderTest" name="OrderHistoryTest" time="6.392"/>
  <testcase classname="seleniumwithmukul.tests.SubmitOrderTest" name="OrderHistoryTest" time="5.894"/>
</testsuite> <!-- seleniumwithmukul.tests.SubmitOrderTest -->
