<?xml version="1.0" encoding="UTF-8"?>
<!-- Generated by org.testng.reporters.JUnitReportReporter -->
<testsuite hostname="wdts-in-mukulverma" failures="0" tests="6" name="seleniumwithmukul.tests.SubmitOrderTest" time="56.734" errors="0" timestamp="2025-05-06T06:18:21 IST" skipped="0">
  <testcase classname="seleniumwithmukul.tests.SubmitOrderTest" name="OrderHistoryTest" time="9.548"/>
  <testcase classname="seleniumwithmukul.tests.SubmitOrderTest" name="submitOrder" time="9.455"/>
  <testcase classname="seleniumwithmukul.tests.SubmitOrderTest" name="OrderHistoryTest" time="5.817"/>
  <testcase classname="seleniumwithmukul.tests.SubmitOrderTest" name="submitOrder" time="12.853"/>
  <testcase classname="seleniumwithmukul.tests.SubmitOrderTest" name="submitOrder" time="13.380"/>
  <testcase classname="seleniumwithmukul.tests.SubmitOrderTest" name="OrderHistoryTest" time="5.681"/>
</testsuite> <!-- seleniumwithmukul.tests.SubmitOrderTest -->
